[2024-08-06 20:37:34] local.ERROR: SQLSTATE[23000]: Integrity constraint violation: 1062 Duplicate entry 'bakale' for key 'users.users_username_unique' (Connection: mysql, SQL: insert into `users` (`registration_token`, `name`, `username`, `email`, `phone`, `dob`, `gender`, `country`, `address`, `state`, `city`, `currency`, `account_type`, `pin`, `password`, `updated_at`, `created_at`) values (5657, Affez, bakale, bakale.mahmud@amajtek.com.ng, 5676578, 2024-08-22, Female, Belarus, mbdvj, jbhck, bvdjk, $, Checking, 56567, $2y$10$wu0sUx4ttDJBdaz9KtRrz.RqKdDI75PrgPeLnTVs.LqFBLJ1.AqSe, 2024-08-06 20:37:33, 2024-08-06 20:37:33)) {"exception":"[object] (Illuminate\\Database\\UniqueConstraintViolationException(code: 23000): SQLSTATE[23000]: Integrity constraint violation: 1062 Duplicate entry 'bakale' for key 'users.users_username_unique' (Connection: mysql, SQL: insert into `users` (`registration_token`, `name`, `username`, `email`, `phone`, `dob`, `gender`, `country`, `address`, `state`, `city`, `currency`, `account_type`, `pin`, `password`, `updated_at`, `created_at`) values (5657, Affez, bakale, bakale.mahmud@amajtek.com.ng, 5676578, 2024-08-22, Female, Belarus, mbdvj, jbhck, bvdjk, $, Checking, 56567, $2y$10$wu0sUx4ttDJBdaz9KtRrz.RqKdDI75PrgPeLnTVs.LqFBLJ1.AqSe, 2024-08-06 20:37:33, 2024-08-06 20:37:33)) at /Users/mahmoud-bakale/sandbox/PHP/thirdfargo/vendor/laravel/framework/src/Illuminate/Database/Connection.php:808)
[stacktrace]
#0 /Users/mahmoud-bakale/sandbox/PHP/thirdfargo/vendor/laravel/framework/src/Illuminate/Database/Connection.php(767): Illuminate\\Database\\Connection->runQueryCallback('insert into `us...', Array, Object(Closure))
#1 /Users/mahmoud-bakale/sandbox/PHP/thirdfargo/vendor/laravel/framework/src/Illuminate/Database/Connection.php(560): Illuminate\\Database\\Connection->run('insert into `us...', Array, Object(Closure))
#2 /Users/mahmoud-bakale/sandbox/PHP/thirdfargo/vendor/laravel/framework/src/Illuminate/Database/Connection.php(524): Illuminate\\Database\\Connection->statement('insert into `us...', Array)
#3 /Users/mahmoud-bakale/sandbox/PHP/thirdfargo/vendor/laravel/framework/src/Illuminate/Database/Query/Processors/Processor.php(32): Illuminate\\Database\\Connection->insert('insert into `us...', Array)
#4 /Users/mahmoud-bakale/sandbox/PHP/thirdfargo/vendor/laravel/framework/src/Illuminate/Database/Query/Builder.php(3560): Illuminate\\Database\\Query\\Processors\\Processor->processInsertGetId(Object(Illuminate\\Database\\Query\\Builder), 'insert into `us...', Array, 'id')
#5 /Users/mahmoud-bakale/sandbox/PHP/thirdfargo/vendor/laravel/framework/src/Illuminate/Database/Eloquent/Builder.php(1971): Illuminate\\Database\\Query\\Builder->insertGetId(Array, 'id')
#6 /Users/mahmoud-bakale/sandbox/PHP/thirdfargo/vendor/laravel/framework/src/Illuminate/Database/Eloquent/Model.php(1338): Illuminate\\Database\\Eloquent\\Builder->__call('insertGetId', Array)
#7 /Users/mahmoud-bakale/sandbox/PHP/thirdfargo/vendor/laravel/framework/src/Illuminate/Database/Eloquent/Model.php(1303): Illuminate\\Database\\Eloquent\\Model->insertAndSetId(Object(Illuminate\\Database\\Eloquent\\Builder), Array)
#8 /Users/mahmoud-bakale/sandbox/PHP/thirdfargo/vendor/laravel/framework/src/Illuminate/Database/Eloquent/Model.php(1142): Illuminate\\Database\\Eloquent\\Model->performInsert(Object(Illuminate\\Database\\Eloquent\\Builder))
#9 /Users/mahmoud-bakale/sandbox/PHP/thirdfargo/vendor/laravel/framework/src/Illuminate/Database/Eloquent/Builder.php(1026): Illuminate\\Database\\Eloquent\\Model->save()
#10 /Users/mahmoud-bakale/sandbox/PHP/thirdfargo/vendor/laravel/framework/src/Illuminate/Support/helpers.php(345): Illuminate\\Database\\Eloquent\\Builder->Illuminate\\Database\\Eloquent\\{closure}(Object(App\\User))
#11 /Users/mahmoud-bakale/sandbox/PHP/thirdfargo/vendor/laravel/framework/src/Illuminate/Database/Eloquent/Builder.php(1025): tap(Object(App\\User), Object(Closure))
#12 /Users/mahmoud-bakale/sandbox/PHP/thirdfargo/vendor/laravel/framework/src/Illuminate/Support/Traits/ForwardsCalls.php(23): Illuminate\\Database\\Eloquent\\Builder->create(Array)
#13 /Users/mahmoud-bakale/sandbox/PHP/thirdfargo/vendor/laravel/framework/src/Illuminate/Database/Eloquent/Model.php(2339): Illuminate\\Database\\Eloquent\\Model->forwardCallTo(Object(Illuminate\\Database\\Eloquent\\Builder), 'create', Array)
#14 /Users/mahmoud-bakale/sandbox/PHP/thirdfargo/vendor/laravel/framework/src/Illuminate/Database/Eloquent/Model.php(2351): Illuminate\\Database\\Eloquent\\Model->__call('create', Array)
#15 /Users/mahmoud-bakale/sandbox/PHP/thirdfargo/app/Http/Controllers/LoginController.php(33): Illuminate\\Database\\Eloquent\\Model::__callStatic('create', Array)
#16 /Users/mahmoud-bakale/sandbox/PHP/thirdfargo/vendor/laravel/framework/src/Illuminate/Routing/Controller.php(54): App\\Http\\Controllers\\LoginController->register(Object(Illuminate\\Http\\Request))
#17 /Users/mahmoud-bakale/sandbox/PHP/thirdfargo/vendor/laravel/framework/src/Illuminate/Routing/ControllerDispatcher.php(43): Illuminate\\Routing\\Controller->callAction('register', Array)
#18 /Users/mahmoud-bakale/sandbox/PHP/thirdfargo/vendor/laravel/framework/src/Illuminate/Routing/Route.php(260): Illuminate\\Routing\\ControllerDispatcher->dispatch(Object(Illuminate\\Routing\\Route), Object(App\\Http\\Controllers\\LoginController), 'register')
#19 /Users/mahmoud-bakale/sandbox/PHP/thirdfargo/vendor/laravel/framework/src/Illuminate/Routing/Route.php(206): Illuminate\\Routing\\Route->runController()
#20 /Users/mahmoud-bakale/sandbox/PHP/thirdfargo/vendor/laravel/framework/src/Illuminate/Routing/Router.php(806): Illuminate\\Routing\\Route->run()
#21 /Users/mahmoud-bakale/sandbox/PHP/thirdfargo/vendor/laravel/framework/src/Illuminate/Pipeline/Pipeline.php(144): Illuminate\\Routing\\Router->Illuminate\\Routing\\{closure}(Object(Illuminate\\Http\\Request))
#22 /Users/mahmoud-bakale/sandbox/PHP/thirdfargo/vendor/laravel/framework/src/Illuminate/Routing/Middleware/SubstituteBindings.php(50): Illuminate\\Pipeline\\Pipeline->Illuminate\\Pipeline\\{closure}(Object(Illuminate\\Http\\Request))
#23 /Users/mahmoud-bakale/sandbox/PHP/thirdfargo/vendor/laravel/framework/src/Illuminate/Pipeline/Pipeline.php(183): Illuminate\\Routing\\Middleware\\SubstituteBindings->handle(Object(Illuminate\\Http\\Request), Object(Closure))
#24 /Users/mahmoud-bakale/sandbox/PHP/thirdfargo/vendor/laravel/framework/src/Illuminate/Foundation/Http/Middleware/VerifyCsrfToken.php(81): Illuminate\\Pipeline\\Pipeline->Illuminate\\Pipeline\\{closure}(Object(Illuminate\\Http\\Request))
#25 /Users/mahmoud-bakale/sandbox/PHP/thirdfargo/vendor/laravel/framework/src/Illuminate/Pipeline/Pipeline.php(183): Illuminate\\Foundation\\Http\\Middleware\\VerifyCsrfToken->handle(Object(Illuminate\\Http\\Request), Object(Closure))
#26 /Users/mahmoud-bakale/sandbox/PHP/thirdfargo/vendor/laravel/framework/src/Illuminate/View/Middleware/ShareErrorsFromSession.php(49): Illuminate\\Pipeline\\Pipeline->Illuminate\\Pipeline\\{closure}(Object(Illuminate\\Http\\Request))
#27 /Users/mahmoud-bakale/sandbox/PHP/thirdfargo/vendor/laravel/framework/src/Illuminate/Pipeline/Pipeline.php(183): Illuminate\\View\\Middleware\\ShareErrorsFromSession->handle(Object(Illuminate\\Http\\Request), Object(Closure))
#28 /Users/mahmoud-bakale/sandbox/PHP/thirdfargo/vendor/laravel/framework/src/Illuminate/Session/Middleware/StartSession.php(121): Illuminate\\Pipeline\\Pipeline->Illuminate\\Pipeline\\{closure}(Object(Illuminate\\Http\\Request))
#29 /Users/mahmoud-bakale/sandbox/PHP/thirdfargo/vendor/laravel/framework/src/Illuminate/Session/Middleware/StartSession.php(64): Illuminate\\Session\\Middleware\\StartSession->handleStatefulRequest(Object(Illuminate\\Http\\Request), Object(Illuminate\\Session\\Store), Object(Closure))
#30 /Users/mahmoud-bakale/sandbox/PHP/thirdfargo/vendor/laravel/framework/src/Illuminate/Pipeline/Pipeline.php(183): Illuminate\\Session\\Middleware\\StartSession->handle(Object(Illuminate\\Http\\Request), Object(Closure))
#31 /Users/mahmoud-bakale/sandbox/PHP/thirdfargo/vendor/laravel/framework/src/Illuminate/Cookie/Middleware/AddQueuedCookiesToResponse.php(37): Illuminate\\Pipeline\\Pipeline->Illuminate\\Pipeline\\{closure}(Object(Illuminate\\Http\\Request))
#32 /Users/mahmoud-bakale/sandbox/PHP/thirdfargo/vendor/laravel/framework/src/Illuminate/Pipeline/Pipeline.php(183): Illuminate\\Cookie\\Middleware\\AddQueuedCookiesToResponse->handle(Object(Illuminate\\Http\\Request), Object(Closure))
#33 /Users/mahmoud-bakale/sandbox/PHP/thirdfargo/vendor/laravel/framework/src/Illuminate/Cookie/Middleware/EncryptCookies.php(75): Illuminate\\Pipeline\\Pipeline->Illuminate\\Pipeline\\{closure}(Object(Illuminate\\Http\\Request))
#34 /Users/mahmoud-bakale/sandbox/PHP/thirdfargo/vendor/laravel/framework/src/Illuminate/Pipeline/Pipeline.php(183): Illuminate\\Cookie\\Middleware\\EncryptCookies->handle(Object(Illuminate\\Http\\Request), Object(Closure))
#35 /Users/mahmoud-bakale/sandbox/PHP/thirdfargo/vendor/laravel/framework/src/Illuminate/Pipeline/Pipeline.php(119): Illuminate\\Pipeline\\Pipeline->Illuminate\\Pipeline\\{closure}(Object(Illuminate\\Http\\Request))
#36 /Users/mahmoud-bakale/sandbox/PHP/thirdfargo/vendor/laravel/framework/src/Illuminate/Routing/Router.php(805): Illuminate\\Pipeline\\Pipeline->then(Object(Closure))
#37 /Users/mahmoud-bakale/sandbox/PHP/thirdfargo/vendor/laravel/framework/src/Illuminate/Routing/Router.php(784): Illuminate\\Routing\\Router->runRouteWithinStack(Object(Illuminate\\Routing\\Route), Object(Illuminate\\Http\\Request))
#38 /Users/mahmoud-bakale/sandbox/PHP/thirdfargo/vendor/laravel/framework/src/Illuminate/Routing/Router.php(748): Illuminate\\Routing\\Router->runRoute(Object(Illuminate\\Http\\Request), Object(Illuminate\\Routing\\Route))
#39 /Users/mahmoud-bakale/sandbox/PHP/thirdfargo/vendor/laravel/framework/src/Illuminate/Routing/Router.php(737): Illuminate\\Routing\\Router->dispatchToRoute(Object(Illuminate\\Http\\Request))
#40 /Users/mahmoud-bakale/sandbox/PHP/thirdfargo/vendor/laravel/framework/src/Illuminate/Foundation/Http/Kernel.php(200): Illuminate\\Routing\\Router->dispatch(Object(Illuminate\\Http\\Request))
#41 /Users/mahmoud-bakale/sandbox/PHP/thirdfargo/vendor/laravel/framework/src/Illuminate/Pipeline/Pipeline.php(144): Illuminate\\Foundation\\Http\\Kernel->Illuminate\\Foundation\\Http\\{closure}(Object(Illuminate\\Http\\Request))
#42 /Users/mahmoud-bakale/sandbox/PHP/thirdfargo/vendor/laravel/framework/src/Illuminate/Http/Middleware/TrustProxies.php(57): Illuminate\\Pipeline\\Pipeline->Illuminate\\Pipeline\\{closure}(Object(Illuminate\\Http\\Request))
#43 /Users/mahmoud-bakale/sandbox/PHP/thirdfargo/vendor/laravel/framework/src/Illuminate/Pipeline/Pipeline.php(183): Illuminate\\Http\\Middleware\\TrustProxies->handle(Object(Illuminate\\Http\\Request), Object(Closure))
#44 /Users/mahmoud-bakale/sandbox/PHP/thirdfargo/vendor/laravel/framework/src/Illuminate/Foundation/Http/Middleware/TransformsRequest.php(21): Illuminate\\Pipeline\\Pipeline->Illuminate\\Pipeline\\{closure}(Object(Illuminate\\Http\\Request))
#45 /Users/mahmoud-bakale/sandbox/PHP/thirdfargo/vendor/laravel/framework/src/Illuminate/Foundation/Http/Middleware/ConvertEmptyStringsToNull.php(31): Illuminate\\Foundation\\Http\\Middleware\\TransformsRequest->handle(Object(Illuminate\\Http\\Request), Object(Closure))
#46 /Users/mahmoud-bakale/sandbox/PHP/thirdfargo/vendor/laravel/framework/src/Illuminate/Pipeline/Pipeline.php(183): Illuminate\\Foundation\\Http\\Middleware\\ConvertEmptyStringsToNull->handle(Object(Illuminate\\Http\\Request), Object(Closure))
#47 /Users/mahmoud-bakale/sandbox/PHP/thirdfargo/vendor/laravel/framework/src/Illuminate/Foundation/Http/Middleware/TransformsRequest.php(21): Illuminate\\Pipeline\\Pipeline->Illuminate\\Pipeline\\{closure}(Object(Illuminate\\Http\\Request))
#48 /Users/mahmoud-bakale/sandbox/PHP/thirdfargo/vendor/laravel/framework/src/Illuminate/Foundation/Http/Middleware/TrimStrings.php(50): Illuminate\\Foundation\\Http\\Middleware\\TransformsRequest->handle(Object(Illuminate\\Http\\Request), Object(Closure))
#49 /Users/mahmoud-bakale/sandbox/PHP/thirdfargo/vendor/laravel/framework/src/Illuminate/Pipeline/Pipeline.php(183): Illuminate\\Foundation\\Http\\Middleware\\TrimStrings->handle(Object(Illuminate\\Http\\Request), Object(Closure))
#50 /Users/mahmoud-bakale/sandbox/PHP/thirdfargo/vendor/laravel/framework/src/Illuminate/Http/Middleware/ValidatePostSize.php(27): Illuminate\\Pipeline\\Pipeline->Illuminate\\Pipeline\\{closure}(Object(Illuminate\\Http\\Request))
#51 /Users/mahmoud-bakale/sandbox/PHP/thirdfargo/vendor/laravel/framework/src/Illuminate/Pipeline/Pipeline.php(183): Illuminate\\Http\\Middleware\\ValidatePostSize->handle(Object(Illuminate\\Http\\Request), Object(Closure))
#52 /Users/mahmoud-bakale/sandbox/PHP/thirdfargo/vendor/laravel/framework/src/Illuminate/Foundation/Http/Middleware/PreventRequestsDuringMaintenance.php(103): Illuminate\\Pipeline\\Pipeline->Illuminate\\Pipeline\\{closure}(Object(Illuminate\\Http\\Request))
#53 /Users/mahmoud-bakale/sandbox/PHP/thirdfargo/vendor/laravel/framework/src/Illuminate/Pipeline/Pipeline.php(183): Illuminate\\Foundation\\Http\\Middleware\\PreventRequestsDuringMaintenance->handle(Object(Illuminate\\Http\\Request), Object(Closure))
#54 /Users/mahmoud-bakale/sandbox/PHP/thirdfargo/vendor/laravel/framework/src/Illuminate/Pipeline/Pipeline.php(119): Illuminate\\Pipeline\\Pipeline->Illuminate\\Pipeline\\{closure}(Object(Illuminate\\Http\\Request))
#55 /Users/mahmoud-bakale/sandbox/PHP/thirdfargo/vendor/laravel/framework/src/Illuminate/Foundation/Http/Kernel.php(175): Illuminate\\Pipeline\\Pipeline->then(Object(Closure))
#56 /Users/mahmoud-bakale/sandbox/PHP/thirdfargo/vendor/laravel/framework/src/Illuminate/Foundation/Http/Kernel.php(144): Illuminate\\Foundation\\Http\\Kernel->sendRequestThroughRouter(Object(Illuminate\\Http\\Request))
#57 /Users/mahmoud-bakale/sandbox/PHP/thirdfargo/public/index.php(54): Illuminate\\Foundation\\Http\\Kernel->handle(Object(Illuminate\\Http\\Request))
#58 /Applications/Herd.app/Contents/Resources/valet/server.php(155): require('/Users/mahmoud-...')
#59 {main}

[previous exception] [object] (PDOException(code: 23000): SQLSTATE[23000]: Integrity constraint violation: 1062 Duplicate entry 'bakale' for key 'users.users_username_unique' at /Users/mahmoud-bakale/sandbox/PHP/thirdfargo/vendor/laravel/framework/src/Illuminate/Database/Connection.php:571)
[stacktrace]
#0 /Users/mahmoud-bakale/sandbox/PHP/thirdfargo/vendor/laravel/framework/src/Illuminate/Database/Connection.php(571): PDOStatement->execute()
#1 /Users/mahmoud-bakale/sandbox/PHP/thirdfargo/vendor/laravel/framework/src/Illuminate/Database/Connection.php(800): Illuminate\\Database\\Connection->Illuminate\\Database\\{closure}('insert into `us...', Array)
#2 /Users/mahmoud-bakale/sandbox/PHP/thirdfargo/vendor/laravel/framework/src/Illuminate/Database/Connection.php(767): Illuminate\\Database\\Connection->runQueryCallback('insert into `us...', Array, Object(Closure))
#3 /Users/mahmoud-bakale/sandbox/PHP/thirdfargo/vendor/laravel/framework/src/Illuminate/Database/Connection.php(560): Illuminate\\Database\\Connection->run('insert into `us...', Array, Object(Closure))
#4 /Users/mahmoud-bakale/sandbox/PHP/thirdfargo/vendor/laravel/framework/src/Illuminate/Database/Connection.php(524): Illuminate\\Database\\Connection->statement('insert into `us...', Array)
#5 /Users/mahmoud-bakale/sandbox/PHP/thirdfargo/vendor/laravel/framework/src/Illuminate/Database/Query/Processors/Processor.php(32): Illuminate\\Database\\Connection->insert('insert into `us...', Array)
#6 /Users/mahmoud-bakale/sandbox/PHP/thirdfargo/vendor/laravel/framework/src/Illuminate/Database/Query/Builder.php(3560): Illuminate\\Database\\Query\\Processors\\Processor->processInsertGetId(Object(Illuminate\\Database\\Query\\Builder), 'insert into `us...', Array, 'id')
#7 /Users/mahmoud-bakale/sandbox/PHP/thirdfargo/vendor/laravel/framework/src/Illuminate/Database/Eloquent/Builder.php(1971): Illuminate\\Database\\Query\\Builder->insertGetId(Array, 'id')
#8 /Users/mahmoud-bakale/sandbox/PHP/thirdfargo/vendor/laravel/framework/src/Illuminate/Database/Eloquent/Model.php(1338): Illuminate\\Database\\Eloquent\\Builder->__call('insertGetId', Array)
#9 /Users/mahmoud-bakale/sandbox/PHP/thirdfargo/vendor/laravel/framework/src/Illuminate/Database/Eloquent/Model.php(1303): Illuminate\\Database\\Eloquent\\Model->insertAndSetId(Object(Illuminate\\Database\\Eloquent\\Builder), Array)
#10 /Users/mahmoud-bakale/sandbox/PHP/thirdfargo/vendor/laravel/framework/src/Illuminate/Database/Eloquent/Model.php(1142): Illuminate\\Database\\Eloquent\\Model->performInsert(Object(Illuminate\\Database\\Eloquent\\Builder))
#11 /Users/mahmoud-bakale/sandbox/PHP/thirdfargo/vendor/laravel/framework/src/Illuminate/Database/Eloquent/Builder.php(1026): Illuminate\\Database\\Eloquent\\Model->save()
#12 /Users/mahmoud-bakale/sandbox/PHP/thirdfargo/vendor/laravel/framework/src/Illuminate/Support/helpers.php(345): Illuminate\\Database\\Eloquent\\Builder->Illuminate\\Database\\Eloquent\\{closure}(Object(App\\User))
#13 /Users/mahmoud-bakale/sandbox/PHP/thirdfargo/vendor/laravel/framework/src/Illuminate/Database/Eloquent/Builder.php(1025): tap(Object(App\\User), Object(Closure))
#14 /Users/mahmoud-bakale/sandbox/PHP/thirdfargo/vendor/laravel/framework/src/Illuminate/Support/Traits/ForwardsCalls.php(23): Illuminate\\Database\\Eloquent\\Builder->create(Array)
#15 /Users/mahmoud-bakale/sandbox/PHP/thirdfargo/vendor/laravel/framework/src/Illuminate/Database/Eloquent/Model.php(2339): Illuminate\\Database\\Eloquent\\Model->forwardCallTo(Object(Illuminate\\Database\\Eloquent\\Builder), 'create', Array)
#16 /Users/mahmoud-bakale/sandbox/PHP/thirdfargo/vendor/laravel/framework/src/Illuminate/Database/Eloquent/Model.php(2351): Illuminate\\Database\\Eloquent\\Model->__call('create', Array)
#17 /Users/mahmoud-bakale/sandbox/PHP/thirdfargo/app/Http/Controllers/LoginController.php(33): Illuminate\\Database\\Eloquent\\Model::__callStatic('create', Array)
#18 /Users/mahmoud-bakale/sandbox/PHP/thirdfargo/vendor/laravel/framework/src/Illuminate/Routing/Controller.php(54): App\\Http\\Controllers\\LoginController->register(Object(Illuminate\\Http\\Request))
#19 /Users/mahmoud-bakale/sandbox/PHP/thirdfargo/vendor/laravel/framework/src/Illuminate/Routing/ControllerDispatcher.php(43): Illuminate\\Routing\\Controller->callAction('register', Array)
#20 /Users/mahmoud-bakale/sandbox/PHP/thirdfargo/vendor/laravel/framework/src/Illuminate/Routing/Route.php(260): Illuminate\\Routing\\ControllerDispatcher->dispatch(Object(Illuminate\\Routing\\Route), Object(App\\Http\\Controllers\\LoginController), 'register')
#21 /Users/mahmoud-bakale/sandbox/PHP/thirdfargo/vendor/laravel/framework/src/Illuminate/Routing/Route.php(206): Illuminate\\Routing\\Route->runController()
#22 /Users/mahmoud-bakale/sandbox/PHP/thirdfargo/vendor/laravel/framework/src/Illuminate/Routing/Router.php(806): Illuminate\\Routing\\Route->run()
#23 /Users/mahmoud-bakale/sandbox/PHP/thirdfargo/vendor/laravel/framework/src/Illuminate/Pipeline/Pipeline.php(144): Illuminate\\Routing\\Router->Illuminate\\Routing\\{closure}(Object(Illuminate\\Http\\Request))
#24 /Users/mahmoud-bakale/sandbox/PHP/thirdfargo/vendor/laravel/framework/src/Illuminate/Routing/Middleware/SubstituteBindings.php(50): Illuminate\\Pipeline\\Pipeline->Illuminate\\Pipeline\\{closure}(Object(Illuminate\\Http\\Request))
#25 /Users/mahmoud-bakale/sandbox/PHP/thirdfargo/vendor/laravel/framework/src/Illuminate/Pipeline/Pipeline.php(183): Illuminate\\Routing\\Middleware\\SubstituteBindings->handle(Object(Illuminate\\Http\\Request), Object(Closure))
#26 /Users/mahmoud-bakale/sandbox/PHP/thirdfargo/vendor/laravel/framework/src/Illuminate/Foundation/Http/Middleware/VerifyCsrfToken.php(81): Illuminate\\Pipeline\\Pipeline->Illuminate\\Pipeline\\{closure}(Object(Illuminate\\Http\\Request))
#27 /Users/mahmoud-bakale/sandbox/PHP/thirdfargo/vendor/laravel/framework/src/Illuminate/Pipeline/Pipeline.php(183): Illuminate\\Foundation\\Http\\Middleware\\VerifyCsrfToken->handle(Object(Illuminate\\Http\\Request), Object(Closure))
#28 /Users/mahmoud-bakale/sandbox/PHP/thirdfargo/vendor/laravel/framework/src/Illuminate/View/Middleware/ShareErrorsFromSession.php(49): Illuminate\\Pipeline\\Pipeline->Illuminate\\Pipeline\\{closure}(Object(Illuminate\\Http\\Request))
#29 /Users/mahmoud-bakale/sandbox/PHP/thirdfargo/vendor/laravel/framework/src/Illuminate/Pipeline/Pipeline.php(183): Illuminate\\View\\Middleware\\ShareErrorsFromSession->handle(Object(Illuminate\\Http\\Request), Object(Closure))
#30 /Users/mahmoud-bakale/sandbox/PHP/thirdfargo/vendor/laravel/framework/src/Illuminate/Session/Middleware/StartSession.php(121): Illuminate\\Pipeline\\Pipeline->Illuminate\\Pipeline\\{closure}(Object(Illuminate\\Http\\Request))
#31 /Users/mahmoud-bakale/sandbox/PHP/thirdfargo/vendor/laravel/framework/src/Illuminate/Session/Middleware/StartSession.php(64): Illuminate\\Session\\Middleware\\StartSession->handleStatefulRequest(Object(Illuminate\\Http\\Request), Object(Illuminate\\Session\\Store), Object(Closure))
#32 /Users/mahmoud-bakale/sandbox/PHP/thirdfargo/vendor/laravel/framework/src/Illuminate/Pipeline/Pipeline.php(183): Illuminate\\Session\\Middleware\\StartSession->handle(Object(Illuminate\\Http\\Request), Object(Closure))
#33 /Users/mahmoud-bakale/sandbox/PHP/thirdfargo/vendor/laravel/framework/src/Illuminate/Cookie/Middleware/AddQueuedCookiesToResponse.php(37): Illuminate\\Pipeline\\Pipeline->Illuminate\\Pipeline\\{closure}(Object(Illuminate\\Http\\Request))
#34 /Users/mahmoud-bakale/sandbox/PHP/thirdfargo/vendor/laravel/framework/src/Illuminate/Pipeline/Pipeline.php(183): Illuminate\\Cookie\\Middleware\\AddQueuedCookiesToResponse->handle(Object(Illuminate\\Http\\Request), Object(Closure))
#35 /Users/mahmoud-bakale/sandbox/PHP/thirdfargo/vendor/laravel/framework/src/Illuminate/Cookie/Middleware/EncryptCookies.php(75): Illuminate\\Pipeline\\Pipeline->Illuminate\\Pipeline\\{closure}(Object(Illuminate\\Http\\Request))
#36 /Users/mahmoud-bakale/sandbox/PHP/thirdfargo/vendor/laravel/framework/src/Illuminate/Pipeline/Pipeline.php(183): Illuminate\\Cookie\\Middleware\\EncryptCookies->handle(Object(Illuminate\\Http\\Request), Object(Closure))
#37 /Users/mahmoud-bakale/sandbox/PHP/thirdfargo/vendor/laravel/framework/src/Illuminate/Pipeline/Pipeline.php(119): Illuminate\\Pipeline\\Pipeline->Illuminate\\Pipeline\\{closure}(Object(Illuminate\\Http\\Request))
#38 /Users/mahmoud-bakale/sandbox/PHP/thirdfargo/vendor/laravel/framework/src/Illuminate/Routing/Router.php(805): Illuminate\\Pipeline\\Pipeline->then(Object(Closure))
#39 /Users/mahmoud-bakale/sandbox/PHP/thirdfargo/vendor/laravel/framework/src/Illuminate/Routing/Router.php(784): Illuminate\\Routing\\Router->runRouteWithinStack(Object(Illuminate\\Routing\\Route), Object(Illuminate\\Http\\Request))
#40 /Users/mahmoud-bakale/sandbox/PHP/thirdfargo/vendor/laravel/framework/src/Illuminate/Routing/Router.php(748): Illuminate\\Routing\\Router->runRoute(Object(Illuminate\\Http\\Request), Object(Illuminate\\Routing\\Route))
#41 /Users/mahmoud-bakale/sandbox/PHP/thirdfargo/vendor/laravel/framework/src/Illuminate/Routing/Router.php(737): Illuminate\\Routing\\Router->dispatchToRoute(Object(Illuminate\\Http\\Request))
#42 /Users/mahmoud-bakale/sandbox/PHP/thirdfargo/vendor/laravel/framework/src/Illuminate/Foundation/Http/Kernel.php(200): Illuminate\\Routing\\Router->dispatch(Object(Illuminate\\Http\\Request))
#43 /Users/mahmoud-bakale/sandbox/PHP/thirdfargo/vendor/laravel/framework/src/Illuminate/Pipeline/Pipeline.php(144): Illuminate\\Foundation\\Http\\Kernel->Illuminate\\Foundation\\Http\\{closure}(Object(Illuminate\\Http\\Request))
#44 /Users/mahmoud-bakale/sandbox/PHP/thirdfargo/vendor/laravel/framework/src/Illuminate/Http/Middleware/TrustProxies.php(57): Illuminate\\Pipeline\\Pipeline->Illuminate\\Pipeline\\{closure}(Object(Illuminate\\Http\\Request))
#45 /Users/mahmoud-bakale/sandbox/PHP/thirdfargo/vendor/laravel/framework/src/Illuminate/Pipeline/Pipeline.php(183): Illuminate\\Http\\Middleware\\TrustProxies->handle(Object(Illuminate\\Http\\Request), Object(Closure))
#46 /Users/mahmoud-bakale/sandbox/PHP/thirdfargo/vendor/laravel/framework/src/Illuminate/Foundation/Http/Middleware/TransformsRequest.php(21): Illuminate\\Pipeline\\Pipeline->Illuminate\\Pipeline\\{closure}(Object(Illuminate\\Http\\Request))
#47 /Users/mahmoud-bakale/sandbox/PHP/thirdfargo/vendor/laravel/framework/src/Illuminate/Foundation/Http/Middleware/ConvertEmptyStringsToNull.php(31): Illuminate\\Foundation\\Http\\Middleware\\TransformsRequest->handle(Object(Illuminate\\Http\\Request), Object(Closure))
#48 /Users/mahmoud-bakale/sandbox/PHP/thirdfargo/vendor/laravel/framework/src/Illuminate/Pipeline/Pipeline.php(183): Illuminate\\Foundation\\Http\\Middleware\\ConvertEmptyStringsToNull->handle(Object(Illuminate\\Http\\Request), Object(Closure))
#49 /Users/mahmoud-bakale/sandbox/PHP/thirdfargo/vendor/laravel/framework/src/Illuminate/Foundation/Http/Middleware/TransformsRequest.php(21): Illuminate\\Pipeline\\Pipeline->Illuminate\\Pipeline\\{closure}(Object(Illuminate\\Http\\Request))
#50 /Users/mahmoud-bakale/sandbox/PHP/thirdfargo/vendor/laravel/framework/src/Illuminate/Foundation/Http/Middleware/TrimStrings.php(50): Illuminate\\Foundation\\Http\\Middleware\\TransformsRequest->handle(Object(Illuminate\\Http\\Request), Object(Closure))
#51 /Users/mahmoud-bakale/sandbox/PHP/thirdfargo/vendor/laravel/framework/src/Illuminate/Pipeline/Pipeline.php(183): Illuminate\\Foundation\\Http\\Middleware\\TrimStrings->handle(Object(Illuminate\\Http\\Request), Object(Closure))
#52 /Users/mahmoud-bakale/sandbox/PHP/thirdfargo/vendor/laravel/framework/src/Illuminate/Http/Middleware/ValidatePostSize.php(27): Illuminate\\Pipeline\\Pipeline->Illuminate\\Pipeline\\{closure}(Object(Illuminate\\Http\\Request))
#53 /Users/mahmoud-bakale/sandbox/PHP/thirdfargo/vendor/laravel/framework/src/Illuminate/Pipeline/Pipeline.php(183): Illuminate\\Http\\Middleware\\ValidatePostSize->handle(Object(Illuminate\\Http\\Request), Object(Closure))
#54 /Users/mahmoud-bakale/sandbox/PHP/thirdfargo/vendor/laravel/framework/src/Illuminate/Foundation/Http/Middleware/PreventRequestsDuringMaintenance.php(103): Illuminate\\Pipeline\\Pipeline->Illuminate\\Pipeline\\{closure}(Object(Illuminate\\Http\\Request))
#55 /Users/mahmoud-bakale/sandbox/PHP/thirdfargo/vendor/laravel/framework/src/Illuminate/Pipeline/Pipeline.php(183): Illuminate\\Foundation\\Http\\Middleware\\PreventRequestsDuringMaintenance->handle(Object(Illuminate\\Http\\Request), Object(Closure))
#56 /Users/mahmoud-bakale/sandbox/PHP/thirdfargo/vendor/laravel/framework/src/Illuminate/Pipeline/Pipeline.php(119): Illuminate\\Pipeline\\Pipeline->Illuminate\\Pipeline\\{closure}(Object(Illuminate\\Http\\Request))
#57 /Users/mahmoud-bakale/sandbox/PHP/thirdfargo/vendor/laravel/framework/src/Illuminate/Foundation/Http/Kernel.php(175): Illuminate\\Pipeline\\Pipeline->then(Object(Closure))
#58 /Users/mahmoud-bakale/sandbox/PHP/thirdfargo/vendor/laravel/framework/src/Illuminate/Foundation/Http/Kernel.php(144): Illuminate\\Foundation\\Http\\Kernel->sendRequestThroughRouter(Object(Illuminate\\Http\\Request))
#59 /Users/mahmoud-bakale/sandbox/PHP/thirdfargo/public/index.php(54): Illuminate\\Foundation\\Http\\Kernel->handle(Object(Illuminate\\Http\\Request))
#60 /Applications/Herd.app/Contents/Resources/valet/server.php(155): require('/Users/mahmoud-...')
#61 {main}
"} 
