[2024-07-31 07:14:22] local.ERROR: Route [login] not defined. (View: /Users/mahmoud-bakale/sandbox/PHP/thirdfargo/resources/views/welcome.blade.php) {"exception":"[object] (Illuminate\\View\\ViewException(code: 0): Route [login] not defined. (View: /Users/mahmoud-bakale/sandbox/PHP/thirdfargo/resources/views/welcome.blade.php) at /Users/mahmoud-bakale/sandbox/PHP/thirdfargo/vendor/laravel/framework/src/Illuminate/Routing/UrlGenerator.php:477)
[stacktrace]
#0 /Users/mahmoud-bakale/sandbox/PHP/thirdfargo/vendor/laravel/framework/src/Illuminate/View/Engines/PhpEngine.php(60): Illuminate\\View\\Engines\\CompilerEngine->handleViewException(Object(Symfony\\Component\\Routing\\Exception\\RouteNotFoundException), 0)
#1 /Users/mahmoud-bakale/sandbox/PHP/thirdfargo/vendor/laravel/framework/src/Illuminate/View/Engines/CompilerEngine.php(73): Illuminate\\View\\Engines\\PhpEngine->evaluatePath('/Users/mahmoud-...', Array)
#2 /Users/mahmoud-bakale/sandbox/PHP/thirdfargo/vendor/laravel/framework/src/Illuminate/View/View.php(208): Illuminate\\View\\Engines\\CompilerEngine->get('/Users/mahmoud-...', Array)
#3 /Users/mahmoud-bakale/sandbox/PHP/thirdfargo/vendor/laravel/framework/src/Illuminate/View/View.php(191): Illuminate\\View\\View->getContents()
#4 /Users/mahmoud-bakale/sandbox/PHP/thirdfargo/vendor/laravel/framework/src/Illuminate/View/View.php(160): Illuminate\\View\\View->renderContents()
#5 /Users/mahmoud-bakale/sandbox/PHP/thirdfargo/vendor/laravel/framework/src/Illuminate/Http/Response.php(70): Illuminate\\View\\View->render()
#6 /Users/mahmoud-bakale/sandbox/PHP/thirdfargo/vendor/laravel/framework/src/Illuminate/Http/Response.php(35): Illuminate\\Http\\Response->setContent(Object(Illuminate\\View\\View))
#7 /Users/mahmoud-bakale/sandbox/PHP/thirdfargo/vendor/laravel/framework/src/Illuminate/Routing/Router.php(918): Illuminate\\Http\\Response->__construct(Object(Illuminate\\View\\View), 200, Array)
#8 /Users/mahmoud-bakale/sandbox/PHP/thirdfargo/vendor/laravel/framework/src/Illuminate/Routing/Router.php(885): Illuminate\\Routing\\Router::toResponse(Object(Illuminate\\Http\\Request), Object(Illuminate\\View\\View))
#9 /Users/mahmoud-bakale/sandbox/PHP/thirdfargo/vendor/laravel/framework/src/Illuminate/Routing/Router.php(805): Illuminate\\Routing\\Router->prepareResponse(Object(Illuminate\\Http\\Request), Object(Illuminate\\View\\View))
#10 /Users/mahmoud-bakale/sandbox/PHP/thirdfargo/vendor/laravel/framework/src/Illuminate/Pipeline/Pipeline.php(144): Illuminate\\Routing\\Router->Illuminate\\Routing\\{closure}(Object(Illuminate\\Http\\Request))
#11 /Users/mahmoud-bakale/sandbox/PHP/thirdfargo/vendor/laravel/framework/src/Illuminate/Routing/Middleware/SubstituteBindings.php(50): Illuminate\\Pipeline\\Pipeline->Illuminate\\Pipeline\\{closure}(Object(Illuminate\\Http\\Request))
#12 /Users/mahmoud-bakale/sandbox/PHP/thirdfargo/vendor/laravel/framework/src/Illuminate/Pipeline/Pipeline.php(183): Illuminate\\Routing\\Middleware\\SubstituteBindings->handle(Object(Illuminate\\Http\\Request), Object(Closure))
#13 /Users/mahmoud-bakale/sandbox/PHP/thirdfargo/vendor/laravel/framework/src/Illuminate/Foundation/Http/Middleware/VerifyCsrfToken.php(81): Illuminate\\Pipeline\\Pipeline->Illuminate\\Pipeline\\{closure}(Object(Illuminate\\Http\\Request))
#14 /Users/mahmoud-bakale/sandbox/PHP/thirdfargo/vendor/laravel/framework/src/Illuminate/Pipeline/Pipeline.php(183): Illuminate\\Foundation\\Http\\Middleware\\VerifyCsrfToken->handle(Object(Illuminate\\Http\\Request), Object(Closure))
#15 /Users/mahmoud-bakale/sandbox/PHP/thirdfargo/vendor/laravel/framework/src/Illuminate/View/Middleware/ShareErrorsFromSession.php(49): Illuminate\\Pipeline\\Pipeline->Illuminate\\Pipeline\\{closure}(Object(Illuminate\\Http\\Request))
#16 /Users/mahmoud-bakale/sandbox/PHP/thirdfargo/vendor/laravel/framework/src/Illuminate/Pipeline/Pipeline.php(183): Illuminate\\View\\Middleware\\ShareErrorsFromSession->handle(Object(Illuminate\\Http\\Request), Object(Closure))
#17 /Users/mahmoud-bakale/sandbox/PHP/thirdfargo/vendor/laravel/framework/src/Illuminate/Session/Middleware/StartSession.php(121): Illuminate\\Pipeline\\Pipeline->Illuminate\\Pipeline\\{closure}(Object(Illuminate\\Http\\Request))
#18 /Users/mahmoud-bakale/sandbox/PHP/thirdfargo/vendor/laravel/framework/src/Illuminate/Session/Middleware/StartSession.php(64): Illuminate\\Session\\Middleware\\StartSession->handleStatefulRequest(Object(Illuminate\\Http\\Request), Object(Illuminate\\Session\\Store), Object(Closure))
#19 /Users/mahmoud-bakale/sandbox/PHP/thirdfargo/vendor/laravel/framework/src/Illuminate/Pipeline/Pipeline.php(183): Illuminate\\Session\\Middleware\\StartSession->handle(Object(Illuminate\\Http\\Request), Object(Closure))
#20 /Users/mahmoud-bakale/sandbox/PHP/thirdfargo/vendor/laravel/framework/src/Illuminate/Cookie/Middleware/AddQueuedCookiesToResponse.php(37): Illuminate\\Pipeline\\Pipeline->Illuminate\\Pipeline\\{closure}(Object(Illuminate\\Http\\Request))
#21 /Users/mahmoud-bakale/sandbox/PHP/thirdfargo/vendor/laravel/framework/src/Illuminate/Pipeline/Pipeline.php(183): Illuminate\\Cookie\\Middleware\\AddQueuedCookiesToResponse->handle(Object(Illuminate\\Http\\Request), Object(Closure))
#22 /Users/mahmoud-bakale/sandbox/PHP/thirdfargo/vendor/laravel/framework/src/Illuminate/Cookie/Middleware/EncryptCookies.php(75): Illuminate\\Pipeline\\Pipeline->Illuminate\\Pipeline\\{closure}(Object(Illuminate\\Http\\Request))
#23 /Users/mahmoud-bakale/sandbox/PHP/thirdfargo/vendor/laravel/framework/src/Illuminate/Pipeline/Pipeline.php(183): Illuminate\\Cookie\\Middleware\\EncryptCookies->handle(Object(Illuminate\\Http\\Request), Object(Closure))
#24 /Users/mahmoud-bakale/sandbox/PHP/thirdfargo/vendor/laravel/framework/src/Illuminate/Pipeline/Pipeline.php(119): Illuminate\\Pipeline\\Pipeline->Illuminate\\Pipeline\\{closure}(Object(Illuminate\\Http\\Request))
#25 /Users/mahmoud-bakale/sandbox/PHP/thirdfargo/vendor/laravel/framework/src/Illuminate/Routing/Router.php(805): Illuminate\\Pipeline\\Pipeline->then(Object(Closure))
#26 /Users/mahmoud-bakale/sandbox/PHP/thirdfargo/vendor/laravel/framework/src/Illuminate/Routing/Router.php(784): Illuminate\\Routing\\Router->runRouteWithinStack(Object(Illuminate\\Routing\\Route), Object(Illuminate\\Http\\Request))
#27 /Users/mahmoud-bakale/sandbox/PHP/thirdfargo/vendor/laravel/framework/src/Illuminate/Routing/Router.php(748): Illuminate\\Routing\\Router->runRoute(Object(Illuminate\\Http\\Request), Object(Illuminate\\Routing\\Route))
#28 /Users/mahmoud-bakale/sandbox/PHP/thirdfargo/vendor/laravel/framework/src/Illuminate/Routing/Router.php(737): Illuminate\\Routing\\Router->dispatchToRoute(Object(Illuminate\\Http\\Request))
#29 /Users/mahmoud-bakale/sandbox/PHP/thirdfargo/vendor/laravel/framework/src/Illuminate/Foundation/Http/Kernel.php(200): Illuminate\\Routing\\Router->dispatch(Object(Illuminate\\Http\\Request))
#30 /Users/mahmoud-bakale/sandbox/PHP/thirdfargo/vendor/laravel/framework/src/Illuminate/Pipeline/Pipeline.php(144): Illuminate\\Foundation\\Http\\Kernel->Illuminate\\Foundation\\Http\\{closure}(Object(Illuminate\\Http\\Request))
#31 /Users/mahmoud-bakale/sandbox/PHP/thirdfargo/vendor/laravel/framework/src/Illuminate/Http/Middleware/TrustProxies.php(57): Illuminate\\Pipeline\\Pipeline->Illuminate\\Pipeline\\{closure}(Object(Illuminate\\Http\\Request))
#32 /Users/mahmoud-bakale/sandbox/PHP/thirdfargo/vendor/laravel/framework/src/Illuminate/Pipeline/Pipeline.php(183): Illuminate\\Http\\Middleware\\TrustProxies->handle(Object(Illuminate\\Http\\Request), Object(Closure))
#33 /Users/mahmoud-bakale/sandbox/PHP/thirdfargo/vendor/laravel/framework/src/Illuminate/Foundation/Http/Middleware/TransformsRequest.php(21): Illuminate\\Pipeline\\Pipeline->Illuminate\\Pipeline\\{closure}(Object(Illuminate\\Http\\Request))
#34 /Users/mahmoud-bakale/sandbox/PHP/thirdfargo/vendor/laravel/framework/src/Illuminate/Foundation/Http/Middleware/ConvertEmptyStringsToNull.php(31): Illuminate\\Foundation\\Http\\Middleware\\TransformsRequest->handle(Object(Illuminate\\Http\\Request), Object(Closure))
#35 /Users/mahmoud-bakale/sandbox/PHP/thirdfargo/vendor/laravel/framework/src/Illuminate/Pipeline/Pipeline.php(183): Illuminate\\Foundation\\Http\\Middleware\\ConvertEmptyStringsToNull->handle(Object(Illuminate\\Http\\Request), Object(Closure))
#36 /Users/mahmoud-bakale/sandbox/PHP/thirdfargo/vendor/laravel/framework/src/Illuminate/Foundation/Http/Middleware/TransformsRequest.php(21): Illuminate\\Pipeline\\Pipeline->Illuminate\\Pipeline\\{closure}(Object(Illuminate\\Http\\Request))
#37 /Users/mahmoud-bakale/sandbox/PHP/thirdfargo/vendor/laravel/framework/src/Illuminate/Foundation/Http/Middleware/TrimStrings.php(50): Illuminate\\Foundation\\Http\\Middleware\\TransformsRequest->handle(Object(Illuminate\\Http\\Request), Object(Closure))
#38 /Users/mahmoud-bakale/sandbox/PHP/thirdfargo/vendor/laravel/framework/src/Illuminate/Pipeline/Pipeline.php(183): Illuminate\\Foundation\\Http\\Middleware\\TrimStrings->handle(Object(Illuminate\\Http\\Request), Object(Closure))
#39 /Users/mahmoud-bakale/sandbox/PHP/thirdfargo/vendor/laravel/framework/src/Illuminate/Http/Middleware/ValidatePostSize.php(27): Illuminate\\Pipeline\\Pipeline->Illuminate\\Pipeline\\{closure}(Object(Illuminate\\Http\\Request))
#40 /Users/mahmoud-bakale/sandbox/PHP/thirdfargo/vendor/laravel/framework/src/Illuminate/Pipeline/Pipeline.php(183): Illuminate\\Http\\Middleware\\ValidatePostSize->handle(Object(Illuminate\\Http\\Request), Object(Closure))
#41 /Users/mahmoud-bakale/sandbox/PHP/thirdfargo/vendor/laravel/framework/src/Illuminate/Foundation/Http/Middleware/PreventRequestsDuringMaintenance.php(103): Illuminate\\Pipeline\\Pipeline->Illuminate\\Pipeline\\{closure}(Object(Illuminate\\Http\\Request))
#42 /Users/mahmoud-bakale/sandbox/PHP/thirdfargo/vendor/laravel/framework/src/Illuminate/Pipeline/Pipeline.php(183): Illuminate\\Foundation\\Http\\Middleware\\PreventRequestsDuringMaintenance->handle(Object(Illuminate\\Http\\Request), Object(Closure))
#43 /Users/mahmoud-bakale/sandbox/PHP/thirdfargo/vendor/laravel/framework/src/Illuminate/Pipeline/Pipeline.php(119): Illuminate\\Pipeline\\Pipeline->Illuminate\\Pipeline\\{closure}(Object(Illuminate\\Http\\Request))
#44 /Users/mahmoud-bakale/sandbox/PHP/thirdfargo/vendor/laravel/framework/src/Illuminate/Foundation/Http/Kernel.php(175): Illuminate\\Pipeline\\Pipeline->then(Object(Closure))
#45 /Users/mahmoud-bakale/sandbox/PHP/thirdfargo/vendor/laravel/framework/src/Illuminate/Foundation/Http/Kernel.php(144): Illuminate\\Foundation\\Http\\Kernel->sendRequestThroughRouter(Object(Illuminate\\Http\\Request))
#46 /Users/mahmoud-bakale/sandbox/PHP/thirdfargo/public/index.php(54): Illuminate\\Foundation\\Http\\Kernel->handle(Object(Illuminate\\Http\\Request))
#47 /Applications/Herd.app/Contents/Resources/valet/server.php(155): require('/Users/mahmoud-...')
#48 {main}

[previous exception] [object] (Symfony\\Component\\Routing\\Exception\\RouteNotFoundException(code: 0): Route [login] not defined. at /Users/mahmoud-bakale/sandbox/PHP/thirdfargo/vendor/laravel/framework/src/Illuminate/Routing/UrlGenerator.php:477)
[stacktrace]
#0 /Users/mahmoud-bakale/sandbox/PHP/thirdfargo/vendor/laravel/framework/src/Illuminate/Foundation/helpers.php(811): Illuminate\\Routing\\UrlGenerator->route('login', Array, true)
#1 /Users/mahmoud-bakale/sandbox/PHP/thirdfargo/storage/framework/views/4db869648f642bd1db7b3e7542687574.php(108): route('login')
#2 /Users/mahmoud-bakale/sandbox/PHP/thirdfargo/vendor/laravel/framework/src/Illuminate/Filesystem/Filesystem.php(123): require('/Users/mahmoud-...')
#3 /Users/mahmoud-bakale/sandbox/PHP/thirdfargo/vendor/laravel/framework/src/Illuminate/Filesystem/Filesystem.php(124): Illuminate\\Filesystem\\Filesystem::Illuminate\\Filesystem\\{closure}()
#4 /Users/mahmoud-bakale/sandbox/PHP/thirdfargo/vendor/laravel/framework/src/Illuminate/View/Engines/PhpEngine.php(58): Illuminate\\Filesystem\\Filesystem->getRequire('/Users/mahmoud-...', Array)
#5 /Users/mahmoud-bakale/sandbox/PHP/thirdfargo/vendor/laravel/framework/src/Illuminate/View/Engines/CompilerEngine.php(73): Illuminate\\View\\Engines\\PhpEngine->evaluatePath('/Users/mahmoud-...', Array)
#6 /Users/mahmoud-bakale/sandbox/PHP/thirdfargo/vendor/laravel/framework/src/Illuminate/View/View.php(208): Illuminate\\View\\Engines\\CompilerEngine->get('/Users/mahmoud-...', Array)
#7 /Users/mahmoud-bakale/sandbox/PHP/thirdfargo/vendor/laravel/framework/src/Illuminate/View/View.php(191): Illuminate\\View\\View->getContents()
#8 /Users/mahmoud-bakale/sandbox/PHP/thirdfargo/vendor/laravel/framework/src/Illuminate/View/View.php(160): Illuminate\\View\\View->renderContents()
#9 /Users/mahmoud-bakale/sandbox/PHP/thirdfargo/vendor/laravel/framework/src/Illuminate/Http/Response.php(70): Illuminate\\View\\View->render()
#10 /Users/mahmoud-bakale/sandbox/PHP/thirdfargo/vendor/laravel/framework/src/Illuminate/Http/Response.php(35): Illuminate\\Http\\Response->setContent(Object(Illuminate\\View\\View))
#11 /Users/mahmoud-bakale/sandbox/PHP/thirdfargo/vendor/laravel/framework/src/Illuminate/Routing/Router.php(918): Illuminate\\Http\\Response->__construct(Object(Illuminate\\View\\View), 200, Array)
#12 /Users/mahmoud-bakale/sandbox/PHP/thirdfargo/vendor/laravel/framework/src/Illuminate/Routing/Router.php(885): Illuminate\\Routing\\Router::toResponse(Object(Illuminate\\Http\\Request), Object(Illuminate\\View\\View))
#13 /Users/mahmoud-bakale/sandbox/PHP/thirdfargo/vendor/laravel/framework/src/Illuminate/Routing/Router.php(805): Illuminate\\Routing\\Router->prepareResponse(Object(Illuminate\\Http\\Request), Object(Illuminate\\View\\View))
#14 /Users/mahmoud-bakale/sandbox/PHP/thirdfargo/vendor/laravel/framework/src/Illuminate/Pipeline/Pipeline.php(144): Illuminate\\Routing\\Router->Illuminate\\Routing\\{closure}(Object(Illuminate\\Http\\Request))
#15 /Users/mahmoud-bakale/sandbox/PHP/thirdfargo/vendor/laravel/framework/src/Illuminate/Routing/Middleware/SubstituteBindings.php(50): Illuminate\\Pipeline\\Pipeline->Illuminate\\Pipeline\\{closure}(Object(Illuminate\\Http\\Request))
#16 /Users/mahmoud-bakale/sandbox/PHP/thirdfargo/vendor/laravel/framework/src/Illuminate/Pipeline/Pipeline.php(183): Illuminate\\Routing\\Middleware\\SubstituteBindings->handle(Object(Illuminate\\Http\\Request), Object(Closure))
#17 /Users/mahmoud-bakale/sandbox/PHP/thirdfargo/vendor/laravel/framework/src/Illuminate/Foundation/Http/Middleware/VerifyCsrfToken.php(81): Illuminate\\Pipeline\\Pipeline->Illuminate\\Pipeline\\{closure}(Object(Illuminate\\Http\\Request))
#18 /Users/mahmoud-bakale/sandbox/PHP/thirdfargo/vendor/laravel/framework/src/Illuminate/Pipeline/Pipeline.php(183): Illuminate\\Foundation\\Http\\Middleware\\VerifyCsrfToken->handle(Object(Illuminate\\Http\\Request), Object(Closure))
#19 /Users/mahmoud-bakale/sandbox/PHP/thirdfargo/vendor/laravel/framework/src/Illuminate/View/Middleware/ShareErrorsFromSession.php(49): Illuminate\\Pipeline\\Pipeline->Illuminate\\Pipeline\\{closure}(Object(Illuminate\\Http\\Request))
#20 /Users/mahmoud-bakale/sandbox/PHP/thirdfargo/vendor/laravel/framework/src/Illuminate/Pipeline/Pipeline.php(183): Illuminate\\View\\Middleware\\ShareErrorsFromSession->handle(Object(Illuminate\\Http\\Request), Object(Closure))
#21 /Users/mahmoud-bakale/sandbox/PHP/thirdfargo/vendor/laravel/framework/src/Illuminate/Session/Middleware/StartSession.php(121): Illuminate\\Pipeline\\Pipeline->Illuminate\\Pipeline\\{closure}(Object(Illuminate\\Http\\Request))
#22 /Users/mahmoud-bakale/sandbox/PHP/thirdfargo/vendor/laravel/framework/src/Illuminate/Session/Middleware/StartSession.php(64): Illuminate\\Session\\Middleware\\StartSession->handleStatefulRequest(Object(Illuminate\\Http\\Request), Object(Illuminate\\Session\\Store), Object(Closure))
#23 /Users/mahmoud-bakale/sandbox/PHP/thirdfargo/vendor/laravel/framework/src/Illuminate/Pipeline/Pipeline.php(183): Illuminate\\Session\\Middleware\\StartSession->handle(Object(Illuminate\\Http\\Request), Object(Closure))
#24 /Users/mahmoud-bakale/sandbox/PHP/thirdfargo/vendor/laravel/framework/src/Illuminate/Cookie/Middleware/AddQueuedCookiesToResponse.php(37): Illuminate\\Pipeline\\Pipeline->Illuminate\\Pipeline\\{closure}(Object(Illuminate\\Http\\Request))
#25 /Users/mahmoud-bakale/sandbox/PHP/thirdfargo/vendor/laravel/framework/src/Illuminate/Pipeline/Pipeline.php(183): Illuminate\\Cookie\\Middleware\\AddQueuedCookiesToResponse->handle(Object(Illuminate\\Http\\Request), Object(Closure))
#26 /Users/mahmoud-bakale/sandbox/PHP/thirdfargo/vendor/laravel/framework/src/Illuminate/Cookie/Middleware/EncryptCookies.php(75): Illuminate\\Pipeline\\Pipeline->Illuminate\\Pipeline\\{closure}(Object(Illuminate\\Http\\Request))
#27 /Users/mahmoud-bakale/sandbox/PHP/thirdfargo/vendor/laravel/framework/src/Illuminate/Pipeline/Pipeline.php(183): Illuminate\\Cookie\\Middleware\\EncryptCookies->handle(Object(Illuminate\\Http\\Request), Object(Closure))
#28 /Users/mahmoud-bakale/sandbox/PHP/thirdfargo/vendor/laravel/framework/src/Illuminate/Pipeline/Pipeline.php(119): Illuminate\\Pipeline\\Pipeline->Illuminate\\Pipeline\\{closure}(Object(Illuminate\\Http\\Request))
#29 /Users/mahmoud-bakale/sandbox/PHP/thirdfargo/vendor/laravel/framework/src/Illuminate/Routing/Router.php(805): Illuminate\\Pipeline\\Pipeline->then(Object(Closure))
#30 /Users/mahmoud-bakale/sandbox/PHP/thirdfargo/vendor/laravel/framework/src/Illuminate/Routing/Router.php(784): Illuminate\\Routing\\Router->runRouteWithinStack(Object(Illuminate\\Routing\\Route), Object(Illuminate\\Http\\Request))
#31 /Users/mahmoud-bakale/sandbox/PHP/thirdfargo/vendor/laravel/framework/src/Illuminate/Routing/Router.php(748): Illuminate\\Routing\\Router->runRoute(Object(Illuminate\\Http\\Request), Object(Illuminate\\Routing\\Route))
#32 /Users/mahmoud-bakale/sandbox/PHP/thirdfargo/vendor/laravel/framework/src/Illuminate/Routing/Router.php(737): Illuminate\\Routing\\Router->dispatchToRoute(Object(Illuminate\\Http\\Request))
#33 /Users/mahmoud-bakale/sandbox/PHP/thirdfargo/vendor/laravel/framework/src/Illuminate/Foundation/Http/Kernel.php(200): Illuminate\\Routing\\Router->dispatch(Object(Illuminate\\Http\\Request))
#34 /Users/mahmoud-bakale/sandbox/PHP/thirdfargo/vendor/laravel/framework/src/Illuminate/Pipeline/Pipeline.php(144): Illuminate\\Foundation\\Http\\Kernel->Illuminate\\Foundation\\Http\\{closure}(Object(Illuminate\\Http\\Request))
#35 /Users/mahmoud-bakale/sandbox/PHP/thirdfargo/vendor/laravel/framework/src/Illuminate/Http/Middleware/TrustProxies.php(57): Illuminate\\Pipeline\\Pipeline->Illuminate\\Pipeline\\{closure}(Object(Illuminate\\Http\\Request))
#36 /Users/mahmoud-bakale/sandbox/PHP/thirdfargo/vendor/laravel/framework/src/Illuminate/Pipeline/Pipeline.php(183): Illuminate\\Http\\Middleware\\TrustProxies->handle(Object(Illuminate\\Http\\Request), Object(Closure))
#37 /Users/mahmoud-bakale/sandbox/PHP/thirdfargo/vendor/laravel/framework/src/Illuminate/Foundation/Http/Middleware/TransformsRequest.php(21): Illuminate\\Pipeline\\Pipeline->Illuminate\\Pipeline\\{closure}(Object(Illuminate\\Http\\Request))
#38 /Users/mahmoud-bakale/sandbox/PHP/thirdfargo/vendor/laravel/framework/src/Illuminate/Foundation/Http/Middleware/ConvertEmptyStringsToNull.php(31): Illuminate\\Foundation\\Http\\Middleware\\TransformsRequest->handle(Object(Illuminate\\Http\\Request), Object(Closure))
#39 /Users/mahmoud-bakale/sandbox/PHP/thirdfargo/vendor/laravel/framework/src/Illuminate/Pipeline/Pipeline.php(183): Illuminate\\Foundation\\Http\\Middleware\\ConvertEmptyStringsToNull->handle(Object(Illuminate\\Http\\Request), Object(Closure))
#40 /Users/mahmoud-bakale/sandbox/PHP/thirdfargo/vendor/laravel/framework/src/Illuminate/Foundation/Http/Middleware/TransformsRequest.php(21): Illuminate\\Pipeline\\Pipeline->Illuminate\\Pipeline\\{closure}(Object(Illuminate\\Http\\Request))
#41 /Users/mahmoud-bakale/sandbox/PHP/thirdfargo/vendor/laravel/framework/src/Illuminate/Foundation/Http/Middleware/TrimStrings.php(50): Illuminate\\Foundation\\Http\\Middleware\\TransformsRequest->handle(Object(Illuminate\\Http\\Request), Object(Closure))
#42 /Users/mahmoud-bakale/sandbox/PHP/thirdfargo/vendor/laravel/framework/src/Illuminate/Pipeline/Pipeline.php(183): Illuminate\\Foundation\\Http\\Middleware\\TrimStrings->handle(Object(Illuminate\\Http\\Request), Object(Closure))
#43 /Users/mahmoud-bakale/sandbox/PHP/thirdfargo/vendor/laravel/framework/src/Illuminate/Http/Middleware/ValidatePostSize.php(27): Illuminate\\Pipeline\\Pipeline->Illuminate\\Pipeline\\{closure}(Object(Illuminate\\Http\\Request))
#44 /Users/mahmoud-bakale/sandbox/PHP/thirdfargo/vendor/laravel/framework/src/Illuminate/Pipeline/Pipeline.php(183): Illuminate\\Http\\Middleware\\ValidatePostSize->handle(Object(Illuminate\\Http\\Request), Object(Closure))
#45 /Users/mahmoud-bakale/sandbox/PHP/thirdfargo/vendor/laravel/framework/src/Illuminate/Foundation/Http/Middleware/PreventRequestsDuringMaintenance.php(103): Illuminate\\Pipeline\\Pipeline->Illuminate\\Pipeline\\{closure}(Object(Illuminate\\Http\\Request))
#46 /Users/mahmoud-bakale/sandbox/PHP/thirdfargo/vendor/laravel/framework/src/Illuminate/Pipeline/Pipeline.php(183): Illuminate\\Foundation\\Http\\Middleware\\PreventRequestsDuringMaintenance->handle(Object(Illuminate\\Http\\Request), Object(Closure))
#47 /Users/mahmoud-bakale/sandbox/PHP/thirdfargo/vendor/laravel/framework/src/Illuminate/Pipeline/Pipeline.php(119): Illuminate\\Pipeline\\Pipeline->Illuminate\\Pipeline\\{closure}(Object(Illuminate\\Http\\Request))
#48 /Users/mahmoud-bakale/sandbox/PHP/thirdfargo/vendor/laravel/framework/src/Illuminate/Foundation/Http/Kernel.php(175): Illuminate\\Pipeline\\Pipeline->then(Object(Closure))
#49 /Users/mahmoud-bakale/sandbox/PHP/thirdfargo/vendor/laravel/framework/src/Illuminate/Foundation/Http/Kernel.php(144): Illuminate\\Foundation\\Http\\Kernel->sendRequestThroughRouter(Object(Illuminate\\Http\\Request))
#50 /Users/mahmoud-bakale/sandbox/PHP/thirdfargo/public/index.php(54): Illuminate\\Foundation\\Http\\Kernel->handle(Object(Illuminate\\Http\\Request))
#51 /Applications/Herd.app/Contents/Resources/valet/server.php(155): require('/Users/mahmoud-...')
#52 {main}
"} 
[2024-07-31 07:15:26] local.ERROR: In order to use the Auth::routes() method, please install the laravel/ui package. {"exception":"[object] (RuntimeException(code: 0): In order to use the Auth::routes() method, please install the laravel/ui package. at /Users/mahmoud-bakale/sandbox/PHP/thirdfargo/vendor/laravel/framework/src/Illuminate/Support/Facades/Auth.php:93)
[stacktrace]
#0 /Users/mahmoud-bakale/sandbox/PHP/thirdfargo/routes/web.php(20): Illuminate\\Support\\Facades\\Auth::routes()
#1 /Users/mahmoud-bakale/sandbox/PHP/thirdfargo/vendor/laravel/framework/src/Illuminate/Routing/RouteFileRegistrar.php(35): require('/Users/mahmoud-...')
#2 /Users/mahmoud-bakale/sandbox/PHP/thirdfargo/vendor/laravel/framework/src/Illuminate/Routing/Router.php(511): Illuminate\\Routing\\RouteFileRegistrar->register('/Users/mahmoud-...')
#3 /Users/mahmoud-bakale/sandbox/PHP/thirdfargo/vendor/laravel/framework/src/Illuminate/Routing/Router.php(465): Illuminate\\Routing\\Router->loadRoutes('/Users/mahmoud-...')
#4 /Users/mahmoud-bakale/sandbox/PHP/thirdfargo/vendor/laravel/framework/src/Illuminate/Routing/RouteRegistrar.php(194): Illuminate\\Routing\\Router->group(Array, '/Users/mahmoud-...')
#5 /Users/mahmoud-bakale/sandbox/PHP/thirdfargo/app/Providers/RouteServiceProvider.php(56): Illuminate\\Routing\\RouteRegistrar->group('/Users/mahmoud-...')
#6 /Users/mahmoud-bakale/sandbox/PHP/thirdfargo/app/Providers/RouteServiceProvider.php(40): App\\Providers\\RouteServiceProvider->mapWebRoutes()
#7 /Users/mahmoud-bakale/sandbox/PHP/thirdfargo/vendor/laravel/framework/src/Illuminate/Container/BoundMethod.php(36): App\\Providers\\RouteServiceProvider->map()
#8 /Users/mahmoud-bakale/sandbox/PHP/thirdfargo/vendor/laravel/framework/src/Illuminate/Container/Util.php(41): Illuminate\\Container\\BoundMethod::Illuminate\\Container\\{closure}()
#9 /Users/mahmoud-bakale/sandbox/PHP/thirdfargo/vendor/laravel/framework/src/Illuminate/Container/BoundMethod.php(93): Illuminate\\Container\\Util::unwrapIfClosure(Object(Closure))
#10 /Users/mahmoud-bakale/sandbox/PHP/thirdfargo/vendor/laravel/framework/src/Illuminate/Container/BoundMethod.php(35): Illuminate\\Container\\BoundMethod::callBoundMethod(Object(Illuminate\\Foundation\\Application), Array, Object(Closure))
#11 /Users/mahmoud-bakale/sandbox/PHP/thirdfargo/vendor/laravel/framework/src/Illuminate/Container/Container.php(662): Illuminate\\Container\\BoundMethod::call(Object(Illuminate\\Foundation\\Application), Array, Array, NULL)
#12 /Users/mahmoud-bakale/sandbox/PHP/thirdfargo/vendor/laravel/framework/src/Illuminate/Foundation/Support/Providers/RouteServiceProvider.php(144): Illuminate\\Container\\Container->call(Array)
#13 /Users/mahmoud-bakale/sandbox/PHP/thirdfargo/vendor/laravel/framework/src/Illuminate/Foundation/Support/Providers/RouteServiceProvider.php(52): Illuminate\\Foundation\\Support\\Providers\\RouteServiceProvider->loadRoutes()
#14 /Users/mahmoud-bakale/sandbox/PHP/thirdfargo/vendor/laravel/framework/src/Illuminate/Container/BoundMethod.php(36): Illuminate\\Foundation\\Support\\Providers\\RouteServiceProvider->Illuminate\\Foundation\\Support\\Providers\\{closure}()
#15 /Users/mahmoud-bakale/sandbox/PHP/thirdfargo/vendor/laravel/framework/src/Illuminate/Container/Util.php(41): Illuminate\\Container\\BoundMethod::Illuminate\\Container\\{closure}()
#16 /Users/mahmoud-bakale/sandbox/PHP/thirdfargo/vendor/laravel/framework/src/Illuminate/Container/BoundMethod.php(81): Illuminate\\Container\\Util::unwrapIfClosure(Object(Closure))
#17 /Users/mahmoud-bakale/sandbox/PHP/thirdfargo/vendor/laravel/framework/src/Illuminate/Container/BoundMethod.php(35): Illuminate\\Container\\BoundMethod::callBoundMethod(Object(Illuminate\\Foundation\\Application), Object(Closure), Object(Closure))
#18 /Users/mahmoud-bakale/sandbox/PHP/thirdfargo/vendor/laravel/framework/src/Illuminate/Container/Container.php(662): Illuminate\\Container\\BoundMethod::call(Object(Illuminate\\Foundation\\Application), Object(Closure), Array, NULL)
#19 /Users/mahmoud-bakale/sandbox/PHP/thirdfargo/vendor/laravel/framework/src/Illuminate/Support/ServiceProvider.php(126): Illuminate\\Container\\Container->call(Object(Closure))
#20 /Users/mahmoud-bakale/sandbox/PHP/thirdfargo/vendor/laravel/framework/src/Illuminate/Foundation/Application.php(1102): Illuminate\\Support\\ServiceProvider->callBootedCallbacks()
#21 /Users/mahmoud-bakale/sandbox/PHP/thirdfargo/vendor/laravel/framework/src/Illuminate/Foundation/Application.php(1080): Illuminate\\Foundation\\Application->bootProvider(Object(App\\Providers\\RouteServiceProvider))
#22 [internal function]: Illuminate\\Foundation\\Application->Illuminate\\Foundation\\{closure}(Object(App\\Providers\\RouteServiceProvider), 22)
#23 /Users/mahmoud-bakale/sandbox/PHP/thirdfargo/vendor/laravel/framework/src/Illuminate/Foundation/Application.php(1079): array_walk(Array, Object(Closure))
#24 /Users/mahmoud-bakale/sandbox/PHP/thirdfargo/vendor/laravel/framework/src/Illuminate/Foundation/Bootstrap/BootProviders.php(17): Illuminate\\Foundation\\Application->boot()
#25 /Users/mahmoud-bakale/sandbox/PHP/thirdfargo/vendor/laravel/framework/src/Illuminate/Foundation/Application.php(309): Illuminate\\Foundation\\Bootstrap\\BootProviders->bootstrap(Object(Illuminate\\Foundation\\Application))
#26 /Users/mahmoud-bakale/sandbox/PHP/thirdfargo/vendor/laravel/framework/src/Illuminate/Foundation/Http/Kernel.php(186): Illuminate\\Foundation\\Application->bootstrapWith(Array)
#27 /Users/mahmoud-bakale/sandbox/PHP/thirdfargo/vendor/laravel/framework/src/Illuminate/Foundation/Http/Kernel.php(170): Illuminate\\Foundation\\Http\\Kernel->bootstrap()
#28 /Users/mahmoud-bakale/sandbox/PHP/thirdfargo/vendor/laravel/framework/src/Illuminate/Foundation/Http/Kernel.php(144): Illuminate\\Foundation\\Http\\Kernel->sendRequestThroughRouter(Object(Illuminate\\Http\\Request))
#29 /Users/mahmoud-bakale/sandbox/PHP/thirdfargo/public/index.php(54): Illuminate\\Foundation\\Http\\Kernel->handle(Object(Illuminate\\Http\\Request))
#30 /Applications/Herd.app/Contents/Resources/valet/server.php(155): require('/Users/mahmoud-...')
#31 {main}
"} 
[2024-07-31 07:16:27] local.ERROR: In order to use the Auth::routes() method, please install the laravel/ui package. {"exception":"[object] (RuntimeException(code: 0): In order to use the Auth::routes() method, please install the laravel/ui package. at /Users/mahmoud-bakale/sandbox/PHP/thirdfargo/vendor/laravel/framework/src/Illuminate/Support/Facades/Auth.php:93)
[stacktrace]
#0 /Users/mahmoud-bakale/sandbox/PHP/thirdfargo/routes/web.php(20): Illuminate\\Support\\Facades\\Auth::routes()
#1 /Users/mahmoud-bakale/sandbox/PHP/thirdfargo/vendor/laravel/framework/src/Illuminate/Routing/RouteFileRegistrar.php(35): require('/Users/mahmoud-...')
#2 /Users/mahmoud-bakale/sandbox/PHP/thirdfargo/vendor/laravel/framework/src/Illuminate/Routing/Router.php(511): Illuminate\\Routing\\RouteFileRegistrar->register('/Users/mahmoud-...')
#3 /Users/mahmoud-bakale/sandbox/PHP/thirdfargo/vendor/laravel/framework/src/Illuminate/Routing/Router.php(465): Illuminate\\Routing\\Router->loadRoutes('/Users/mahmoud-...')
#4 /Users/mahmoud-bakale/sandbox/PHP/thirdfargo/vendor/laravel/framework/src/Illuminate/Routing/RouteRegistrar.php(194): Illuminate\\Routing\\Router->group(Array, '/Users/mahmoud-...')
#5 /Users/mahmoud-bakale/sandbox/PHP/thirdfargo/app/Providers/RouteServiceProvider.php(56): Illuminate\\Routing\\RouteRegistrar->group('/Users/mahmoud-...')
#6 /Users/mahmoud-bakale/sandbox/PHP/thirdfargo/app/Providers/RouteServiceProvider.php(40): App\\Providers\\RouteServiceProvider->mapWebRoutes()
#7 /Users/mahmoud-bakale/sandbox/PHP/thirdfargo/vendor/laravel/framework/src/Illuminate/Container/BoundMethod.php(36): App\\Providers\\RouteServiceProvider->map()
#8 /Users/mahmoud-bakale/sandbox/PHP/thirdfargo/vendor/laravel/framework/src/Illuminate/Container/Util.php(41): Illuminate\\Container\\BoundMethod::Illuminate\\Container\\{closure}()
#9 /Users/mahmoud-bakale/sandbox/PHP/thirdfargo/vendor/laravel/framework/src/Illuminate/Container/BoundMethod.php(93): Illuminate\\Container\\Util::unwrapIfClosure(Object(Closure))
#10 /Users/mahmoud-bakale/sandbox/PHP/thirdfargo/vendor/laravel/framework/src/Illuminate/Container/BoundMethod.php(35): Illuminate\\Container\\BoundMethod::callBoundMethod(Object(Illuminate\\Foundation\\Application), Array, Object(Closure))
#11 /Users/mahmoud-bakale/sandbox/PHP/thirdfargo/vendor/laravel/framework/src/Illuminate/Container/Container.php(662): Illuminate\\Container\\BoundMethod::call(Object(Illuminate\\Foundation\\Application), Array, Array, NULL)
#12 /Users/mahmoud-bakale/sandbox/PHP/thirdfargo/vendor/laravel/framework/src/Illuminate/Foundation/Support/Providers/RouteServiceProvider.php(144): Illuminate\\Container\\Container->call(Array)
#13 /Users/mahmoud-bakale/sandbox/PHP/thirdfargo/vendor/laravel/framework/src/Illuminate/Foundation/Support/Providers/RouteServiceProvider.php(52): Illuminate\\Foundation\\Support\\Providers\\RouteServiceProvider->loadRoutes()
#14 /Users/mahmoud-bakale/sandbox/PHP/thirdfargo/vendor/laravel/framework/src/Illuminate/Container/BoundMethod.php(36): Illuminate\\Foundation\\Support\\Providers\\RouteServiceProvider->Illuminate\\Foundation\\Support\\Providers\\{closure}()
#15 /Users/mahmoud-bakale/sandbox/PHP/thirdfargo/vendor/laravel/framework/src/Illuminate/Container/Util.php(41): Illuminate\\Container\\BoundMethod::Illuminate\\Container\\{closure}()
#16 /Users/mahmoud-bakale/sandbox/PHP/thirdfargo/vendor/laravel/framework/src/Illuminate/Container/BoundMethod.php(81): Illuminate\\Container\\Util::unwrapIfClosure(Object(Closure))
#17 /Users/mahmoud-bakale/sandbox/PHP/thirdfargo/vendor/laravel/framework/src/Illuminate/Container/BoundMethod.php(35): Illuminate\\Container\\BoundMethod::callBoundMethod(Object(Illuminate\\Foundation\\Application), Object(Closure), Object(Closure))
#18 /Users/mahmoud-bakale/sandbox/PHP/thirdfargo/vendor/laravel/framework/src/Illuminate/Container/Container.php(662): Illuminate\\Container\\BoundMethod::call(Object(Illuminate\\Foundation\\Application), Object(Closure), Array, NULL)
#19 /Users/mahmoud-bakale/sandbox/PHP/thirdfargo/vendor/laravel/framework/src/Illuminate/Support/ServiceProvider.php(126): Illuminate\\Container\\Container->call(Object(Closure))
#20 /Users/mahmoud-bakale/sandbox/PHP/thirdfargo/vendor/laravel/framework/src/Illuminate/Foundation/Application.php(1102): Illuminate\\Support\\ServiceProvider->callBootedCallbacks()
#21 /Users/mahmoud-bakale/sandbox/PHP/thirdfargo/vendor/laravel/framework/src/Illuminate/Foundation/Application.php(1080): Illuminate\\Foundation\\Application->bootProvider(Object(App\\Providers\\RouteServiceProvider))
#22 [internal function]: Illuminate\\Foundation\\Application->Illuminate\\Foundation\\{closure}(Object(App\\Providers\\RouteServiceProvider), 22)
#23 /Users/mahmoud-bakale/sandbox/PHP/thirdfargo/vendor/laravel/framework/src/Illuminate/Foundation/Application.php(1079): array_walk(Array, Object(Closure))
#24 /Users/mahmoud-bakale/sandbox/PHP/thirdfargo/vendor/laravel/framework/src/Illuminate/Foundation/Bootstrap/BootProviders.php(17): Illuminate\\Foundation\\Application->boot()
#25 /Users/mahmoud-bakale/sandbox/PHP/thirdfargo/vendor/laravel/framework/src/Illuminate/Foundation/Application.php(309): Illuminate\\Foundation\\Bootstrap\\BootProviders->bootstrap(Object(Illuminate\\Foundation\\Application))
#26 /Users/mahmoud-bakale/sandbox/PHP/thirdfargo/vendor/laravel/framework/src/Illuminate/Foundation/Console/Kernel.php(470): Illuminate\\Foundation\\Application->bootstrapWith(Array)
#27 /Users/mahmoud-bakale/sandbox/PHP/thirdfargo/vendor/laravel/framework/src/Illuminate/Foundation/Console/Kernel.php(194): Illuminate\\Foundation\\Console\\Kernel->bootstrap()
#28 /Users/mahmoud-bakale/sandbox/PHP/thirdfargo/artisan(35): Illuminate\\Foundation\\Console\\Kernel->handle(Object(Symfony\\Component\\Console\\Input\\ArgvInput), Object(Symfony\\Component\\Console\\Output\\ConsoleOutput))
#29 {main}
"} 
[2024-07-31 07:16:44] local.ERROR: Command "ui" is not defined. {"exception":"[object] (Symfony\\Component\\Console\\Exception\\CommandNotFoundException(code: 0): Command \"ui\" is not defined. at /Users/mahmoud-bakale/sandbox/PHP/thirdfargo/vendor/symfony/console/Application.php:704)
[stacktrace]
#0 /Users/mahmoud-bakale/sandbox/PHP/thirdfargo/vendor/symfony/console/Application.php(260): Symfony\\Component\\Console\\Application->find('ui')
#1 /Users/mahmoud-bakale/sandbox/PHP/thirdfargo/vendor/symfony/console/Application.php(169): Symfony\\Component\\Console\\Application->doRun(Object(Symfony\\Component\\Console\\Input\\ArgvInput), Object(Symfony\\Component\\Console\\Output\\ConsoleOutput))
#2 /Users/mahmoud-bakale/sandbox/PHP/thirdfargo/vendor/laravel/framework/src/Illuminate/Foundation/Console/Kernel.php(196): Symfony\\Component\\Console\\Application->run(Object(Symfony\\Component\\Console\\Input\\ArgvInput), Object(Symfony\\Component\\Console\\Output\\ConsoleOutput))
#3 /Users/mahmoud-bakale/sandbox/PHP/thirdfargo/artisan(35): Illuminate\\Foundation\\Console\\Kernel->handle(Object(Symfony\\Component\\Console\\Input\\ArgvInput), Object(Symfony\\Component\\Console\\Output\\ConsoleOutput))
#4 {main}
"} 
